2023-08-21 15:00:55.178 [main] INFO  api.tests.UserTests - ***************Creating User************
2023-08-21 15:00:58.757 [main] INFO  api.tests.UserTests - ***************User Created************
2023-08-21 15:00:58.765 [main] INFO  api.tests.UserTests - ***************Reading User************
2023-08-21 15:00:59.985 [main] INFO  api.tests.UserTests - ***************User info displayed************
2023-08-21 15:00:59.986 [main] INFO  api.tests.UserTests - ***************Updating User************
2023-08-21 15:01:02.296 [main] INFO  api.tests.UserTests - **************User Updated************
2023-08-21 15:01:02.298 [main] INFO  api.tests.UserTests - ***************Deleting User************
2023-08-21 15:01:03.433 [main] INFO  api.tests.UserTests - ***************User Deleted************
2023-08-21 15:02:54.937 [main] INFO  api.tests.UserTests - ***************Creating User************
2023-08-21 15:02:58.200 [main] INFO  api.tests.UserTests - ***************User Created************
2023-08-21 15:02:58.205 [main] INFO  api.tests.UserTests - ***************Reading User************
2023-08-21 15:02:59.431 [main] INFO  api.tests.UserTests - ***************User info displayed************
2023-08-21 15:02:59.432 [main] INFO  api.tests.UserTests - ***************Updating User************
2023-08-21 15:03:01.799 [main] INFO  api.tests.UserTests - **************User Updated************
2023-08-21 15:03:01.800 [main] INFO  api.tests.UserTests - ***************Deleting User************
2023-08-21 15:03:02.980 [main] INFO  api.tests.UserTests - ***************User Deleted************
2023-08-21 16:46:49.175 [main] INFO  api.tests.UserTests2 - ***************Creating User************
2023-08-21 16:46:52.797 [main] INFO  api.tests.UserTests2 - ***************User Created************
2023-08-21 16:46:52.803 [main] INFO  api.tests.UserTests2 - ***************Reading User************
2023-08-21 16:46:52.871 [main] INFO  api.tests.UserTests2 - ***************Updating User************
2023-08-21 16:46:52.882 [main] INFO  api.tests.UserTests2 - ***************Deleting User************
2023-08-21 16:49:20.012 [main] INFO  api.tests.UserTests2 - ***************Creating User************
2023-08-21 16:49:23.624 [main] INFO  api.tests.UserTests2 - ***************User Created************
2023-08-21 16:49:23.630 [main] INFO  api.tests.UserTests2 - ***************Reading User************
2023-08-21 16:49:24.849 [main] INFO  api.tests.UserTests2 - ***************User info displayed************
2023-08-21 16:49:24.850 [main] INFO  api.tests.UserTests2 - ***************Updating User************
2023-08-21 16:49:27.171 [main] INFO  api.tests.UserTests2 - **************User Updated************
2023-08-21 16:49:27.172 [main] INFO  api.tests.UserTests2 - ***************Deleting User************
2023-08-21 16:49:28.333 [main] INFO  api.tests.UserTests2 - ***************User Deleted************
2023-08-22 11:21:20.148 [main] INFO  api.tests.UserTests - ***************Creating User************
2023-08-22 11:21:24.093 [main] INFO  api.tests.UserTests - ***************User Created************
2023-08-22 11:21:24.125 [main] INFO  api.tests.UserTests2 - ***************Creating User************
2023-08-22 11:21:25.282 [main] INFO  api.tests.UserTests2 - ***************User Created************
2023-08-22 11:22:09.799 [main] INFO  api.tests.UserTests - ***************Creating User************
2023-08-22 11:22:14.136 [main] INFO  api.tests.UserTests - ***************User Created************
2023-08-22 11:22:14.209 [main] INFO  api.tests.UserTests2 - ***************Creating User************
2023-08-22 11:22:15.397 [main] INFO  api.tests.UserTests2 - ***************User Created************
2023-08-22 12:00:44.515 [main] INFO  api.tests.UserTests - ***************Creating User************
2023-08-22 12:00:48.213 [main] INFO  api.tests.UserTests - ***************User Created************
2023-08-22 12:00:48.268 [main] INFO  api.tests.UserTests2 - ***************Creating User************
2023-08-22 12:00:49.410 [main] INFO  api.tests.UserTests2 - ***************User Created************
2023-08-24 11:15:38.861 [main] INFO  api.tests.UserTests - ***************Creating User************
2023-08-24 11:15:42.683 [main] INFO  api.tests.UserTests - ***************User Created************
2023-08-24 11:15:42.729 [main] INFO  api.tests.UserTests2 - ***************Creating User************
2023-08-24 11:15:43.934 [main] INFO  api.tests.UserTests2 - ***************User Created************
2023-08-24 11:22:28.169 [main] INFO  api.tests.UserTests - ***************Creating User************
2023-08-24 11:22:31.451 [main] INFO  api.tests.UserTests - ***************User Created************
2023-08-24 11:22:31.498 [main] INFO  api.tests.UserTests2 - ***************Creating User************
2023-08-24 11:22:32.679 [main] INFO  api.tests.UserTests2 - ***************User Created************
